Microsoft (R) Macro Assembler Version 6.14.8444		    05/08/21 13:20:06
main_sername.asm					     Page 1 - 1


				; 
				; Аксенов Павел 110 группа

				comment ~

				c-p 14   (max = 60 очков)
				Написать программу, состоящую из ДВУХ МОДУЛЕЙ.

				В ГОЛОВНОМ МОДУЛЕ должны быть описаны: 
				1) числовая константа с именем K и значением из диапазона [1..31]
				  (использовать в программе для определённости значение 29); 
				2) строка S для вывода сообщения ‘Undivisible’; 
				3) двойное слово с именем D (без начального значения); 
				4) байт с именем B (без начального значения). 

				Во ВСПОМОГАТЕЛЬНОМ МОДУЛЕ должна быть описана процедура IsDivided 
				без параметров (и без стандартных соглашений о связи) - подробности
				про эту процедуру - см. ниже.

				ГОЛОВНОЙ МОДУЛЬ  вводит  значение  ОТЛИЧНОЙ ОТ НУЛЯ беззнаковой  
				переменной D (по макрокоманде inint), а затем передаёт управление 
				во ВСПОМОГАТЕЛЬНЫЙ МОДУЛЬ на процедуру IsDivided, которая по результатам
				проверки величины D должна сформировать значение байта В. Затем ГОЛОВНОЙ 
				МОДУЛЬ печатает  полученное значение байта В и на этом завершает свою
				работу.

				Подробности про процедуру IsDivided.
				Процедура, в случае, если величина D делится на 2^K нацело, 
				а значение (D div (2^K)) при этом помещается в формат байта, должна 
				присвоить это значение переменной B.
				Во всех остальных случаях (не делится; делится, но при этом не помещается
				в байт) процедура должна присвоить переменной В значение 0 и напечатать 
				текст, заданный в строке S.
				Внимание! Процедура IsDivided не имеет параметров и работает напрямую  
				с переменными D, B, S и константой К (по их именам). 

				Разъяснение: запись "2^K" обозначает "два в степени К".

				Требование к реализации: не использовать арифметических команд. 

				~

				; (main_sername.asm) Головной модуль
				; далее ваше решение
				include console.inc
			      C .NOLIST
			      C .LIST
			      C ; Исключение из списка служебных слов
			      C option NoKeyWord: <c name str>
			      C 
			      C 
			      C 
			      C ;include masm32.inc
			      C 
			      C    includelib masm32.lib
			      C    includelib user32.lib
			      C    includelib kernel32.lib
			      C    includelib msvcrt.lib
			      C    includelib io_proc.lib
			      C    
			      C 
				public K, S, D, B, Return
				extern IsDivided@0: near

 00000019			.data
 = 0000001D			K equ 29
 00000019 55 6E 64 69 76	S db 'Undivisible',0
	   69 73 69 62 6C
	   65 00
 00000025 00000000		D dd ?
 00000029 00			B db ?

 00000000			.code
 00000000			Start:
				    inint D, 'D = '
 00000056  E8 00000000 E	    call IsDivided@0
				    
 0000005B			Return:
				    outwordln B,, 'B = '
				    
				    pause
				    exit
				end Start

				; конец вашего решения

				*****************************************************
				ДАННЫЕ ДЛЯ ТЕСТИРОВАНИЯ 
				(надо будет менять значение К в тексте головного модуля,  
				 заново транслировать этот модуль и заново компоновать оба модуля):
				 
				*****************************************************
				K=29, D=2147483648, т.е. D=4*(2^29) => B:=4 (=100b)
				K=29, D=3758096384, т.е. D=7*(2^29) => B:=7 (=111b)
				K=29, D=3758096387, т.е. D=7*(2^29)+3 => B:=0 (Undivisible)  
				K=29, D=268435456,  т.е. D=10000000000000000000000000000b (28 нулей)
				                                    => B:=0 (Undivisible) 
				K=31, D=2147483648, т.е. D=1*(2^31) => B:=1 (=1b)
				K=31, D=3221225472, т.е. D=11000000000000000000000000000000b (30 нулей)
				                                    => B:=0 (Undivisible)
				K=1,  D=2, т.е. D=1*(2^1) => B=1 
				K=1,  D=3221225472, т.е. D=11000000000000000000000000000000b
				                                    => B:=0 (Undivisible)  
				K=1,  D=512, т.е. D=1000000000b     => B:=0 (Undivisible)  
				K=8,  D=256, т.е. D=100000000b      => B:=1
				K=8,  D=512, т.е. D=1000000000b     => B:=2
				K=8,  D=65536, т.е. D=10000000000000000b  (16 нулей) 
				                                    => B:=0 (Undivisible)  
				 
				*******************************************************
				ИНСТРУКЦИЯ ПО РАЗРАБОТКЕ ЭТОЙ ДВУХМОДУЛЬНОЙ ПРОГРАММЫ:

				поместить пакетный файл prompt1.bat в тот каталог, где находятся исходные 
				ассемблерные модули (main_sername.asm и unit_sername.asm)

				для трансляции этого модуля (main_sername.asm) выполнить 
				из командной строки:
				ml /c /coff /Fl main_sername.asm

				для трансляции вспомогательного модуля (unit_sername.asm) выполнить 
				из командной строки:
				ml /c /coff /Fl unit_sername.asm

				для сборки (линковки) этих двух модулей выполнить из командной строки:
				link /subsystem:console main_sername.obj unit_sername.obj /out:sername.exe

				для запуска готовой программы sername.exe на счёт выполнить из командной строки:
				sername

Microsoft (R) Macro Assembler Version 6.14.8444		    05/08/21 13:20:06
main_sername.asm					     Symbols 2 - 1




Macros:

                N a m e                 Type

??CheckStrToBuf  . . . . . . . .	Proc
??FindESP  . . . . . . . . . . .	Proc
??RestoreReg . . . . . . . . . .	Proc
??SaveReg  . . . . . . . . . . .	Proc
@GetCommandLine  . . . . . . . .	Func
@Random  . . . . . . . . . . . .	Func
@inchar  . . . . . . . . . . . .	Func
@inintln . . . . . . . . . . . .	Func
@inint . . . . . . . . . . . . .	Func
@readkey . . . . . . . . . . . .	Func
ChagePageAttr  . . . . . . . . .	Proc
ClrScr . . . . . . . . . . . . .	Proc
ConsoleMode  . . . . . . . . . .	Proc
ConsoleTitle . . . . . . . . . .	Proc
DOS  . . . . . . . . . . . . . .	Func
DownloadFile . . . . . . . . . .	Proc
GetConsoleTitle  . . . . . . . .	Proc
HeapBlockSize  . . . . . . . . .	Proc
InputStr . . . . . . . . . . . .	Proc
MsgBox . . . . . . . . . . . . .	Proc
NewConsole . . . . . . . . . . .	Proc
OpenFile . . . . . . . . . . . .	Proc
OutFlags . . . . . . . . . . . .	Proc
Randomize  . . . . . . . . . . .	Proc
RunExe . . . . . . . . . . . . .	Proc
SetScreenSize  . . . . . . . . .	Proc
SetTextAttr  . . . . . . . . . .	Proc
TotalHeapAllocated . . . . . . .	Proc
WhereX . . . . . . . . . . . . .	Proc
WhereY . . . . . . . . . . . . .	Proc
dispose  . . . . . . . . . . . .	Proc
exit . . . . . . . . . . . . . .	Proc
flush  . . . . . . . . . . . . .	Proc
gotoXY . . . . . . . . . . . . .	Proc
inchar . . . . . . . . . . . . .	Proc
inintln  . . . . . . . . . . . .	Proc
inint  . . . . . . . . . . . . .	Proc
newline  . . . . . . . . . . . .	Proc
new  . . . . . . . . . . . . . .	Proc
outcharln  . . . . . . . . . . .	Proc
outchar  . . . . . . . . . . . .	Proc
outdateln  . . . . . . . . . . .	Proc
outdate  . . . . . . . . . . . .	Proc
outintln . . . . . . . . . . . .	Proc
outint . . . . . . . . . . . . .	Proc
outnumln . . . . . . . . . . . .	Proc
outnum . . . . . . . . . . . . .	Proc
outstrln . . . . . . . . . . . .	Proc
outstr . . . . . . . . . . . . .	Proc
outtimeln  . . . . . . . . . . .	Proc
outtime  . . . . . . . . . . . .	Proc
outwordln  . . . . . . . . . . .	Proc
outword  . . . . . . . . . . . .	Proc
pause  . . . . . . . . . . . . .	Proc
readkey  . . . . . . . . . . . .	Proc


Structures and Unions:

                N a m e                  Size
                                         Offset      Type

CONSOLE_SCREEN_BUFFER_INFO . . .	 00000016
  dwSize . . . . . . . . . . . .	 00000000	 DWord
  dwCursorPosition . . . . . . .	 00000004	 DWord
  wAttributes  . . . . . . . . .	 00000008	 Word
  srWindow . . . . . . . . . . .	 0000000A	 QWord
  dwMaximumWindowSize  . . . . .	 00000012	 DWord
COORD  . . . . . . . . . . . . .	 00000004
  x  . . . . . . . . . . . . . .	 00000000	 Word
  y  . . . . . . . . . . . . . .	 00000002	 Word
SMALL_RECT . . . . . . . . . . .	 00000008
  Left . . . . . . . . . . . . .	 00000000	 Word
  Top  . . . . . . . . . . . . .	 00000002	 Word
  Right  . . . . . . . . . . . .	 00000004	 Word
  Bottom . . . . . . . . . . . .	 00000006	 Word
SystemTime . . . . . . . . . . .	 00000010
  wYear  . . . . . . . . . . . .	 00000000	 Word
  wMonth . . . . . . . . . . . .	 00000002	 Word
  wDayOfWeek . . . . . . . . . .	 00000004	 Word
  wDay . . . . . . . . . . . . .	 00000006	 Word
  wHour  . . . . . . . . . . . .	 00000008	 Word
  wMinute  . . . . . . . . . . .	 0000000A	 Word
  wSecond  . . . . . . . . . . .	 0000000C	 Word
  wMilliseconds  . . . . . . . .	 0000000E	 Word


Types:

                N a m e                  Size     Attr

c_msvcrt . . . . . . . . . . . .	 00000004     CODE 


Segments and Groups:

                N a m e                 Size     Length   Align   Combine Class

FLAT . . . . . . . . . . . . . .	GROUP
STACK  . . . . . . . . . . . . .	32 Bit	 00001000 Para	  Stack	  'STACK'	 
_DATA  . . . . . . . . . . . . .	32 Bit	 000002AD Para	  Public  'DATA'	
_TEXT  . . . . . . . . . . . . .	32 Bit	 000001A8 Para	  Public  'CODE'	


Procedures,  parameters and locals:

                N a m e                 Type     Value    Attr

CharToOemA . . . . . . . . . . .	P Near	 00000000 FLAT	Length= 00000000 External STDCALL
ClearScreen  . . . . . . . . . .	P Near	 00000000 FLAT	Length= 00000000 External STDCALL
CloseHandle  . . . . . . . . . .	P Near	 00000000 FLAT	Length= 00000000 External STDCALL
CreateFileA  . . . . . . . . . .	P Near	 00000000 FLAT	Length= 00000000 External STDCALL
ExitProcess  . . . . . . . . . .	P Near	 00000000 FLAT	Length= 00000000 External STDCALL
GetCommandLineA  . . . . . . . .	P Near	 00000000 FLAT	Length= 00000000 External STDCALL
GetConsoleScreenBufferInfo . . .	P Near	 00000000 FLAT	Length= 00000000 External STDCALL
GetConsoleTitleA . . . . . . . .	P Near	 00000000 FLAT	Length= 00000000 External STDCALL
GetModuleHandleA . . . . . . . .	P Near	 00000000 FLAT	Length= 00000000 External STDCALL
GetStdHandle . . . . . . . . . .	P Near	 00000000 FLAT	Length= 00000000 External STDCALL
GetSystemMetrics . . . . . . . .	P Near	 00000000 FLAT	Length= 00000000 External STDCALL
GetSystemTime  . . . . . . . . .	P Near	 00000000 FLAT	Length= 00000000 External STDCALL
GetTickCount . . . . . . . . . .	P Near	 00000000 FLAT	Length= 00000000 External STDCALL
GlobalAlloc  . . . . . . . . . .	P Near	 00000000 FLAT	Length= 00000000 External STDCALL
GlobalFree . . . . . . . . . . .	P Near	 00000000 FLAT	Length= 00000000 External STDCALL
GlobalSize . . . . . . . . . . .	P Near	 00000000 FLAT	Length= 00000000 External STDCALL
InternetGetConnectedState  . . .	P Near	 00000000 FLAT	Length= 00000000 External STDCALL
MessageBoxA  . . . . . . . . . .	P Near	 00000000 FLAT	Length= 00000000 External STDCALL
MessageBoxIndirectA  . . . . . .	P Near	 00000000 FLAT	Length= 00000000 External STDCALL
SetConsoleCtrlHandler  . . . . .	P Near	 00000000 FLAT	Length= 00000000 External STDCALL
SetConsoleCursorPosition . . . .	P Near	 00000000 FLAT	Length= 00000000 External STDCALL
SetConsoleScreenBufferSize . . .	P Near	 00000000 FLAT	Length= 00000000 External STDCALL
SetConsoleTextAttribute  . . . .	P Near	 00000000 FLAT	Length= 00000000 External STDCALL
SetConsoleTitleA . . . . . . . .	P Near	 00000000 FLAT	Length= 00000000 External STDCALL
Sleep  . . . . . . . . . . . . .	P Near	 00000000 FLAT	Length= 00000000 External STDCALL
StdIn  . . . . . . . . . . . . .	P Near	 00000000 FLAT	Length= 00000000 External STDCALL
StdOut . . . . . . . . . . . . .	P Near	 00000000 FLAT	Length= 00000000 External STDCALL
URLDownloadToFileA . . . . . . .	P Near	 00000000 FLAT	Length= 00000000 External STDCALL
VirtualProtect . . . . . . . . .	P Near	 00000000 FLAT	Length= 00000000 External STDCALL
nrandom  . . . . . . . . . . . .	P Near	 00000000 FLAT	Length= 00000000 External STDCALL
nseed  . . . . . . . . . . . . .	P Near	 00000000 FLAT	Length= 00000000 External STDCALL
shell_ex . . . . . . . . . . . .	P Near	 00000000 FLAT	Length= 00000000 External STDCALL
shell  . . . . . . . . . . . . .	P Near	 00000000 FLAT	Length= 00000000 External STDCALL
wait_key . . . . . . . . . . . .	P Near	 00000000 FLAT	Length= 00000000 External STDCALL


Symbols:

                N a m e                 Type     Value    Attr

??0000 . . . . . . . . . . . . .	Number	 00000000h   
??0001 . . . . . . . . . . . . .	DWord	 0000002A _DATA	
??0002 . . . . . . . . . . . . .	Byte	 00000034 _DATA	
??0003 . . . . . . . . . . . . .	Byte	 0000002F _DATA	
??0004 . . . . . . . . . . . . .	Text   	 "
??0005 . . . . . . . . . . . . .	Byte	 0000002E _DATA	
??0007 . . . . . . . . . . . . .	L Near	 0000002B _TEXT	
??0008 . . . . . . . . . . . . .	Number	 -00000001h   
??0009 . . . . . . . . . . . . .	Number	 00000001h   
??000A . . . . . . . . . . . . .	Number	 00000000h   
??000B . . . . . . . . . . . . .	Byte	 00000040 _DATA	
??0013 . . . . . . . . . . . . .	Number	 00000001h   
??0015 . . . . . . . . . . . . .	Byte	 0000003D _DATA	
??0016 . . . . . . . . . . . . .	Byte	 00000038 _DATA	
??0017 . . . . . . . . . . . . .	Text   	 "
??0018 . . . . . . . . . . . . .	Byte	 00000037 _DATA	
??001A . . . . . . . . . . . . .	L Near	 00000086 _TEXT	
??001B . . . . . . . . . . . . .	Byte	 00000043 _DATA	
??001C . . . . . . . . . . . . .	Number	 00000000h   
??001D . . . . . . . . . . . . .	Byte	 00000046 _DATA	
??001F . . . . . . . . . . . . .	Byte	 00000175 _DATA	
??0020 . . . . . . . . . . . . .	Byte	 00000049 _DATA	
??0021 . . . . . . . . . . . . .	Text   	 o
??0022 . . . . . . . . . . . . .	Byte	 00000048 _DATA	
??0023 . . . . . . . . . . . . .	L Near	 000000D6 _TEXT	
??0024 . . . . . . . . . . . . .	L Near	 0000010C _TEXT	
??0025 . . . . . . . . . . . . .	Byte	 00000178 _DATA	
??0026 . . . . . . . . . . . . .	Number	 00000000h   
??0027 . . . . . . . . . . . . .	Byte	 0000017B _DATA	
??0029 . . . . . . . . . . . . .	Byte	 000002AA _DATA	
??002A . . . . . . . . . . . . .	Byte	 0000017E _DATA	
??002B . . . . . . . . . . . . .	Text   	 o
??002C . . . . . . . . . . . . .	Byte	 0000017D _DATA	
??002D . . . . . . . . . . . . .	L Near	 0000014F _TEXT	
??002E . . . . . . . . . . . . .	L Near	 00000185 _TEXT	
??CommonHeapElemSize . . . . . .	DWord	 00000004 _DATA	
??ConsoleMode  . . . . . . . . .	Byte	 00000008 _DATA	
??TotalHeapAllocated . . . . . .	DWord	 00000000 _DATA	
??sTime  . . . . . . . . . . . .	SystemTime  00000009 _DATA	
@CodeSize  . . . . . . . . . . .	Number	 00000000h   
@DOS . . . . . . . . . . . . . .	Text   	 DOS
@DataSize  . . . . . . . . . . .	Number	 00000000h   
@INCHAR  . . . . . . . . . . . .	Text   	 @inchar
@ININTLN . . . . . . . . . . . .	Text   	 @inintln
@ININT . . . . . . . . . . . . .	Text   	 @inint
@InChar  . . . . . . . . . . . .	Text   	 @inchar
@InInt . . . . . . . . . . . . .	Text   	 @inint
@Inchar  . . . . . . . . . . . .	Text   	 @inchar
@InintLn . . . . . . . . . . . .	Text   	 @inintln
@Inintln . . . . . . . . . . . .	Text   	 @inintln
@Inint . . . . . . . . . . . . .	Text   	 @inint
@Interface . . . . . . . . . . .	Number	 00000003h   
@Model . . . . . . . . . . . . .	Number	 00000007h   
@READKEY . . . . . . . . . . . .	Text   	 @readkey
@ReadKey . . . . . . . . . . . .	Text   	 @readkey
@code  . . . . . . . . . . . . .	Text   	 _TEXT
@data  . . . . . . . . . . . . .	Text   	 FLAT
@dos . . . . . . . . . . . . . .	Text   	 DOS
@fardata?  . . . . . . . . . . .	Text   	 FLAT
@fardata . . . . . . . . . . . .	Text   	 FLAT
@random  . . . . . . . . . . . .	Text   	 @Random
@stack . . . . . . . . . . . . .	Text   	 FLAT
AllocConsole@0 . . . . . . . . .	L Near	 00000000 FLAT	External STDCALL
Black  . . . . . . . . . . . . .	Number	 00000000h   
Blue . . . . . . . . . . . . . .	Number	 00000001h   
Bright . . . . . . . . . . . . .	Number	 00000008h   
Brown  . . . . . . . . . . . . .	Number	 00000006h   
B  . . . . . . . . . . . . . . .	Byte	 00000029 _DATA	Public STDCALL
CLRSCR . . . . . . . . . . . . .	Text   	 ClrScr
CREATE_ALWAYS  . . . . . . . . .	Number	 00000002h   
CREATE_NEW . . . . . . . . . . .	Number	 00000001h   
CharToOem  . . . . . . . . . . .	Text   	 CharToOemA
Cls  . . . . . . . . . . . . . .	Text   	 ClrScr
CreateFile . . . . . . . . . . .	Text   	 CreateFileA
Cyan . . . . . . . . . . . . . .	Number	 00000003h   
DISPOSE  . . . . . . . . . . . .	Text   	 dispose
DarkGray . . . . . . . . . . . .	Number	 00000008h   
Dispose  . . . . . . . . . . . .	Text   	 dispose
D  . . . . . . . . . . . . . . .	DWord	 00000025 _DATA	Public STDCALL
EXIT . . . . . . . . . . . . . .	Text   	 exit
Exit . . . . . . . . . . . . . .	Text   	 exit
FILE_ATTRIBUTE_ARCHIVE . . . . .	Number	 00000020h   
FILE_ATTRIBUTE_COMPRESSED  . . .	Number	 00000800h   
FILE_ATTRIBUTE_DIRECTORY . . . .	Number	 00000010h   
FILE_ATTRIBUTE_HIDDEN  . . . . .	Number	 00000002h   
FILE_ATTRIBUTE_NORMAL  . . . . .	Number	 00000080h   
FILE_ATTRIBUTE_READONLY  . . . .	Number	 00000001h   
FILE_ATTRIBUTE_SYSTEM  . . . . .	Number	 00000004h   
FILE_ATTRIBUTE_TEMPORARY . . . .	Number	 00000100h   
FLUSH  . . . . . . . . . . . . .	Text   	 flush
Flush  . . . . . . . . . . . . .	Text   	 flush
FreeConsole@0  . . . . . . . . .	L Near	 00000000 FLAT	External STDCALL
GENERIC_ALL  . . . . . . . . . .	Number	 10000000h   
GENERIC_EXECUTE  . . . . . . . .	Number	 20000000h   
GENERIC_READ . . . . . . . . . .	Number	 -80000000h   
GENERIC_WRITE  . . . . . . . . .	Number	 40000000h   
GMEM_FIXED . . . . . . . . . . .	Number	 00000000h   
GMEM_ZEROINIT  . . . . . . . . .	Number	 00000040h   
GOTOXY . . . . . . . . . . . . .	Text   	 gotoXY
GetModuleHandle  . . . . . . . .	Text   	 GetModuleHandleA
GotoXY . . . . . . . . . . . . .	Text   	 gotoXY
Green  . . . . . . . . . . . . .	Number	 00000002h   
IDABORT  . . . . . . . . . . . .	Number	 00000003h   
IDCANCEL . . . . . . . . . . . .	Number	 00000002h   
IDIGNORE . . . . . . . . . . . .	Number	 00000005h   
IDNO . . . . . . . . . . . . . .	Number	 00000007h   
IDOK . . . . . . . . . . . . . .	Number	 00000001h   
IDRETRY  . . . . . . . . . . . .	Number	 00000004h   
IDYES  . . . . . . . . . . . . .	Number	 00000006h   
INCHAR . . . . . . . . . . . . .	Text   	 inchar
ININTLN  . . . . . . . . . . . .	Text   	 inintln
ININT  . . . . . . . . . . . . .	Text   	 inint
INPUTSTR . . . . . . . . . . . .	Text   	 InputStr
InChar . . . . . . . . . . . . .	Text   	 inchar
InInt  . . . . . . . . . . . . .	Text   	 inint
Inchar . . . . . . . . . . . . .	Text   	 inchar
InintLn  . . . . . . . . . . . .	Text   	 inintln
Inintln  . . . . . . . . . . . .	Text   	 inintln
Inint  . . . . . . . . . . . . .	Text   	 inint
IsDivided@0  . . . . . . . . . .	L Near	 00000000 FLAT	External STDCALL
K  . . . . . . . . . . . . . . .	Number	 0000001Dh   Public
LANG_NEUTRAL . . . . . . . . . .	Number	 00000000h   
LightBlue  . . . . . . . . . . .	Number	 00000009h   
LightGray  . . . . . . . . . . .	Number	 00000007h   
LightGreen . . . . . . . . . . .	Number	 0000000Ah   
LightMagenta . . . . . . . . . .	Number	 0000000Dh   
LightRed . . . . . . . . . . . .	Number	 0000000Ch   
MB_ABORTRETRYIGNORE  . . . . . .	Number	 00000002h   
MB_CANCELTRYCONTINUE . . . . . .	Number	 00000006h   
MB_DEFBUTTON1  . . . . . . . . .	Number	 00000000h   
MB_DEFBUTTON2  . . . . . . . . .	Number	 00000100h   
MB_DEFBUTTON3  . . . . . . . . .	Number	 00000200h   
MB_DEFBUTTON4  . . . . . . . . .	Number	 00000300h   
MB_HELP  . . . . . . . . . . . .	Number	 00004000h   
MB_ICONASTERISK  . . . . . . . .	Number	 00000040h   
MB_ICONEXCLAMATION . . . . . . .	Number	 00000030h   
MB_ICONHAND  . . . . . . . . . .	Number	 00000008h   
MB_ICONQUESTION  . . . . . . . .	Number	 00000020h   
MB_ICONSTOP  . . . . . . . . . .	Number	 00000010h   
MB_OKCANCEL  . . . . . . . . . .	Number	 00000001h   
MB_OK  . . . . . . . . . . . . .	Number	 00000000h   
MB_RETRYCANCEL . . . . . . . . .	Number	 00000005h   
MB_RIGHT . . . . . . . . . . . .	Number	 00080000h   
MB_SYSTEMMODAL . . . . . . . . .	Number	 00001000h   
MB_USERICON  . . . . . . . . . .	Number	 00000080h   
MB_YESNOCANCEL . . . . . . . . .	Number	 00000003h   
MB_YESNO . . . . . . . . . . . .	Number	 00000004h   
MSGBOX . . . . . . . . . . . . .	Text   	 MsgBox
Magenta  . . . . . . . . . . . .	Number	 00000005h   
MessageBoxIndirect . . . . . . .	Text   	 MessageBoxIndirectA
MessageBox . . . . . . . . . . .	Text   	 MessageBoxA
NEWLINE  . . . . . . . . . . . .	Text   	 newline
NEW  . . . . . . . . . . . . . .	Text   	 new
NULL . . . . . . . . . . . . . .	Number	 00000000h   
NewLine  . . . . . . . . . . . .	Text   	 newline
Newline  . . . . . . . . . . . .	Text   	 newline
New  . . . . . . . . . . . . . .	Text   	 new
OPEN_ALWAYS  . . . . . . . . . .	Number	 00000004h   
OPEN_EXISTING  . . . . . . . . .	Number	 00000003h   
OUTCHARLN  . . . . . . . . . . .	Text   	 outcharln
OUTCHAR  . . . . . . . . . . . .	Text   	 outchar
OUTCH  . . . . . . . . . . . . .	Text   	 outchar
OUTCLN . . . . . . . . . . . . .	Text   	 outcharln
OUTDATELN  . . . . . . . . . . .	Text   	 outdateln
OUTDATE  . . . . . . . . . . . .	Text   	 outdate
OUTINTLN . . . . . . . . . . . .	Text   	 outintln
OUTINT . . . . . . . . . . . . .	Text   	 outint
OUTI . . . . . . . . . . . . . .	Text   	 outint
OUTSTRLN . . . . . . . . . . . .	Text   	 outstrln
OUTSTR . . . . . . . . . . . . .	Text   	 outstr
OUTTIMELN  . . . . . . . . . . .	Text   	 outtimeln
OUTTIME  . . . . . . . . . . . .	Text   	 outtime
OUTU . . . . . . . . . . . . . .	Text   	 outword
OUTWORDLN  . . . . . . . . . . .	Text   	 outwordln
OUTWORD  . . . . . . . . . . . .	Text   	 outword
OutCharLn  . . . . . . . . . . .	Text   	 outcharln
OutCharln  . . . . . . . . . . .	Text   	 outcharln
OutChar  . . . . . . . . . . . .	Text   	 outchar
OutDateLn  . . . . . . . . . . .	Text   	 outdateln
OutDateln  . . . . . . . . . . .	Text   	 outdateln
OutDate  . . . . . . . . . . . .	Text   	 outdate
OutILn . . . . . . . . . . . . .	Text   	 outintln
OutIln . . . . . . . . . . . . .	Text   	 outintln
OutIntLn . . . . . . . . . . . .	Text   	 outintln
OutInt . . . . . . . . . . . . .	Text   	 outint
OutI . . . . . . . . . . . . . .	Text   	 outint
OutNumLn . . . . . . . . . . . .	Text   	 outnumln
OutNumln . . . . . . . . . . . .	Text   	 outnumln
OutNum . . . . . . . . . . . . .	Text   	 outnum
OutStrLn . . . . . . . . . . . .	Text   	 outstrln
OutStr . . . . . . . . . . . . .	Text   	 outstr
OutTimeLn  . . . . . . . . . . .	Text   	 outtimeln
OutTimeln  . . . . . . . . . . .	Text   	 outtimeln
OutTime  . . . . . . . . . . . .	Text   	 outtime
OutULn . . . . . . . . . . . . .	Text   	 outwordln
OutUln . . . . . . . . . . . . .	Text   	 outwordln
OutUnsignedLn  . . . . . . . . .	Text   	 outwordln
OutUnsignedln  . . . . . . . . .	Text   	 outwordln
OutUnsigned  . . . . . . . . . .	Text   	 outword
OutU . . . . . . . . . . . . . .	Text   	 outword
OutWordLn  . . . . . . . . . . .	Text   	 outwordln
OutWord  . . . . . . . . . . . .	Text   	 outword
OutintLn . . . . . . . . . . . .	Text   	 outintln
Outintln . . . . . . . . . . . .	Text   	 outintln
Outint . . . . . . . . . . . . .	Text   	 outint
OutstrLn . . . . . . . . . . . .	Text   	 outstrln
OutwordLn  . . . . . . . . . . .	Text   	 outwordln
Outword  . . . . . . . . . . . .	Text   	 outword
PAGE_EXECUTE_READWRITE . . . . .	Number	 00000040h   
PAGE_EXECUTE_READ  . . . . . . .	Number	 00000020h   
PAGE_EXECUTE_WRITECOPY . . . . .	Number	 00000080h   
PAGE_EXECUTE . . . . . . . . . .	Number	 00000010h   
PAGE_NOACCESS  . . . . . . . . .	Number	 00000001h   
PAGE_READONLY  . . . . . . . . .	Number	 00000002h   
PAGE_READWRITE . . . . . . . . .	Number	 00000004h   
PAGE_WRITECOPY . . . . . . . . .	Number	 00000008h   
PAUSE  . . . . . . . . . . . . .	Text   	 pause
Pause  . . . . . . . . . . . . .	Text   	 pause
READKEY  . . . . . . . . . . . .	Text   	 readkey
ReadKey  . . . . . . . . . . . .	Text   	 readkey
Red  . . . . . . . . . . . . . .	Number	 00000004h   
Return . . . . . . . . . . . . .	L Near	 0000005B _TEXT	Public STDCALL
STD_ERROR_HANDLE . . . . . . . .	Number	 -0000000Ch   
STD_INPUT_HANDLE . . . . . . . .	Number	 -0000000Ah   
STD_OUTPUT_HANDLE  . . . . . . .	Number	 -0000000Bh   
SetConsoleTitle  . . . . . . . .	Text   	 SetConsoleTitleA
Start  . . . . . . . . . . . . .	L Near	 00000000 _TEXT	Public STDCALL
S  . . . . . . . . . . . . . . .	Byte	 00000019 _DATA	Public STDCALL
TRUNCATE_EXISTING  . . . . . . .	Number	 00000005h   
URLDownloadToFile  . . . . . . .	Text   	 URLDownloadToFileA
White  . . . . . . . . . . . . .	Number	 0000000Fh   
Yellow . . . . . . . . . . . . .	Number	 0000000Eh   
_imp___exit  . . . . . . . . . .	DWord	 00000000 FLAT	External STDCALL
_imp__printf . . . . . . . . . .	DWord	 00000000 FLAT	External STDCALL
_imp__sprintf  . . . . . . . . .	DWord	 00000000 FLAT	External STDCALL
black  . . . . . . . . . . . . .	Number	 00000000h   
blue . . . . . . . . . . . . . .	Number	 00000001h   
bright . . . . . . . . . . . . .	Number	 00000008h   
brown  . . . . . . . . . . . . .	Number	 00000006h   
clrscr . . . . . . . . . . . . .	Text   	 ClrScr
crt__exit  . . . . . . . . . . .	Text   	 _imp___exit
crt_printf . . . . . . . . . . .	Text   	 _imp__printf
crt_sprintf  . . . . . . . . . .	Text   	 _imp__sprintf
cyan . . . . . . . . . . . . . .	Number	 00000003h   
darkgray . . . . . . . . . . . .	Number	 00000008h   
dos  . . . . . . . . . . . . . .	Text   	 DOS
downloadfile . . . . . . . . . .	Text   	 DownloadFile
gotoxy . . . . . . . . . . . . .	Text   	 gotoXY
green  . . . . . . . . . . . . .	Number	 00000002h   
heapblocksize  . . . . . . . . .	Text   	 HeapBlockSize
inint_proc@0 . . . . . . . . . .	L Near	 00000000 FLAT	External STDCALL
inputstr . . . . . . . . . . . .	Text   	 InputStr
lightblue  . . . . . . . . . . .	Number	 00000009h   
lightgray  . . . . . . . . . . .	Number	 00000007h   
lightgreen . . . . . . . . . . .	Number	 0000000Ah   
lightmagenta . . . . . . . . . .	Number	 0000000Dh   
lightred . . . . . . . . . . . .	Number	 0000000Ch   
magenta  . . . . . . . . . . . .	Number	 00000005h   
msgbox . . . . . . . . . . . . .	Text   	 MsgBox
nil  . . . . . . . . . . . . . .	DWord 	 00000000h   
outch  . . . . . . . . . . . . .	Text   	 outchar
outintLn . . . . . . . . . . . .	Text   	 outintln
outi . . . . . . . . . . . . . .	Text   	 outint
outu . . . . . . . . . . . . . .	Text   	 outword
outwordLn  . . . . . . . . . . .	Text   	 outwordln
randomize  . . . . . . . . . . .	Text   	 Randomize
red  . . . . . . . . . . . . . .	Number	 00000004h   
settextattr  . . . . . . . . . .	Text   	 SetTextAttr
whereX . . . . . . . . . . . . .	Text   	 WhereX
whereY . . . . . . . . . . . . .	Text   	 WhereY
wherex . . . . . . . . . . . . .	Text   	 WhereX
wherey . . . . . . . . . . . . .	Text   	 WhereY
white  . . . . . . . . . . . . .	Number	 0000000Fh   
yellow . . . . . . . . . . . . .	Number	 0000000Eh   

	   0 Warnings
	   0 Errors
