Microsoft (R) Macro Assembler Version 6.14.8444		    05/10/21 22:21:55
work-4-1.asm						     Page 1 - 1


				include console.inc
			      C .NOLIST
			      C .LIST
			      C ; »сключение из списка служебных слов
			      C option NoKeyWord: <c name str>
			      C 
			      C 
			      C 
			      C ;include masm32.inc
			      C 
			      C    includelib masm32.lib
			      C    includelib user32.lib
			      C    includelib kernel32.lib
			      C    includelib msvcrt.lib
			      C    includelib io_proc.lib
			      C    
			      C 
				; (“≈—“џ ƒЋя Ё“јѕќ¬ 1,2,3 -  в конце этой программы)
				; ќѕ»—јЌ»≈ “»ѕќ¬ («јѕ»—») » (—“–” “”–џ):
				; ¬нимание, нельз€ вносить изменени€ в описани€ типов и переменных: 
				Date_pack record D:5, M:4, Y:7
 00000003			Date_unpack struc  ; дата в рамках некоторого столети€
 00000000  00			D   db ?           ; день (от 1 до 31)
 00000001  00			M   db ?           ; мес€ц (от 1 до 12)
 00000002  00			Y   db ?           ; год (от 0 до 99)
				Date_unpack ends

				; ќѕ»—јЌ»≈ ѕ≈–≈ћ≈ЌЌџ’:
 00000019			.data
 00000019 20 C0 EA F1 E5	T   db " јксенов ѕавел    Ё“јѕ_1 (выход-4)",0	;	
	   ED EE E2 20 CF
	   E0 E2 E5 EB 20
	   20 20 20 DD D2
	   C0 CF 5F 31 20
	   28 E2 FB F5 EE
	   E4 2D 34 29 00
 = 00000006			N   equ 6
 0000003C 0000			D1  Date_pack <>                    ; упакованна€ дата_1
 0000003E 0000			D2  Date_pack <>                    ; упакованна€ дата_2
 00000040  00000006 [		Arr_of_Rec Date_pack N dup (<>)     ; массив записей (упакованных дат)
	    0000
	   ] 0000 0000
	   0000 0000 0000
 0000004C  00000006 [		Arr_of_Struc Date_unpack N dup (<>) ; массив структур (распакованных дат)
	    00 00 00
	   ]

				; ќѕ»—јЌ»≈ ѕ–ќ÷≈ƒ”–: 
 00000000			.code
				; -----------------------------------------------------
				; procedure In_Rec(var D: Date_pack)
				; действие: ввод значений полей D, M, Y записи типа Date_pack
 00000000			In_Rec proc
 00000000  55			    push EBP
 00000001  8B EC		    mov EBP, ESP
 00000003  50			    push EAX
 00000004  53			    push EBX
				    
 00000005  8B 45 08		    mov EAX, [EBP+8]
				    inint BX
 00000017  66| C1 E3 0B		    shl BX, D
 0000001B  66| 09 18		    or [EAX], BX
				    inint BX
 0000002D  66| C1 E3 07		    shl BX, M
 00000031  66| 09 18		    or [EAX], BX
				    inint BX
 00000043  66| 09 18		    or [EAX], BX
				    
 00000046  5B			    pop EBX
 00000047  58			    pop EAX
 00000048  5D			    pop EBP
 00000049  C2 0004		    ret 4
 0000004C			In_Rec endp
				; -----------------------------------------------------
				; function Less(D1, D2: Date_pack): byte
				; AL := 1 (если D1<D2, т.е. если дата_1 предшествует дате_2)
				; AL := 0 (иначе)
 0000004C			Less proc
 0000004C  55			    push EBP
 0000004D  8B EC		    mov EBP, ESP
 0000004F  53			    push EBX
 00000050  51			    push ECX
 00000051  57			    push EDI
 00000052  56			    push ESI
				    
 00000053  8B 5D 08		    mov EBX, [EBP+8]        ; D1
 00000056  8B 4D 0C		    mov ECX, [EBP+12]       ; D2
 00000059  8B FB		    mov EDI, EBX
 0000005B  8B F1		    mov ESI, ECX
 0000005D  83 E3 7F		    and EBX, mask Y
 00000060  83 E1 7F		    and ECX, mask Y
 00000063  3B D9		    cmp EBX, ECX
 00000065  7C 2A		    jL yes
 00000067  77 2C		    jA no
 00000069  8B DF		    mov EBX, EDI
 0000006B  8B CE		    mov ECX, ESI
 0000006D  81 E3 00000780	    and EBX, mask M
 00000073  81 E1 00000780	    and ECX, mask M
 00000079  3B D9		    cmp EBX, ECX
 0000007B  7C 14		    jL yes
 0000007D  77 16		    jA no
 0000007F  81 E7 0000F800	    and EDI, mask D
 00000085  81 E6 0000F800	    and ESI, mask D
 0000008B  3B FE		    cmp EDI, ESI
 0000008D  7C 02		    jL yes
 0000008F  EB 04		    jmp no
				    
 00000091			yes:
 00000091  B0 01		    mov AL, 1
 00000093  EB 02		    jmp fin
 00000095			no:
 00000095  B0 00		    mov AL, 0
 00000097			fin:
 00000097  5E			    pop ESI
 00000098  5F			    pop EDI
 00000099  59			    pop ECX
 0000009A  5B			    pop EBX
 0000009B  5D			    pop EBP
 0000009C  C2 0008		    ret 4*2
 0000009F			Less endp
				; -----------------------------------------------------
				; procedure Out_Rec(D: Date_pack)
				; действие: вывод значений полей D, M, Y записи типа Date_pack
 0000009F			Out_Rec proc
 0000009F  55			    push EBP
 000000A0  8B EC		    mov EBP, ESP
 000000A2  53			    push EBX
 000000A3  51			    push ECX
				    
 000000A4  8B 5D 08		    mov EBX, [EBP+8]
 000000A7  8B CB		    mov ECX, EBX
 000000A9  81 E3 0000F800	    and EBX, mask D
 000000AF  C1 EB 0B		    shr EBX, D
				    outword EBX
				    outchar '.'
 0000012F  8B D9		    mov EBX, ECX
 00000131  81 E3 00000780	    and EBX, mask M
 00000137  C1 EB 07		    shr EBX, M
				    outword EBX
				    outchar '.'
 000001B7  83 E1 7F		    and ECX, mask Y
				    outword ECX
				    
 000001D3  59			    pop ECX
 000001D4  5B			    pop EBX
 000001D5  5D			    pop EBP
 000001D6  C2 0004		    ret 4
 000001D9			Out_Rec endp
				; -----------------------------------------------------
				; function Min_Date(var Arr: array of Date_pack; N: longword): word
				; действие: ј’ := минимальна€ дата среди элементов-дат массива Arr
				; (минимальна€ - предшествующа€ всем остальным датам)
				; ‘ункци€ Min_Date в процессе своей работы дл€ сравнени€ текущего минимума 
				; с очередной датой обращаетс€ к ранее отлаженной функции Less(D1,D2)
 000001D9			Min_Date proc

 000001D9			Min_Date endp
				; -----------------------------------------------------
				; procedure Rec_to_Struс(D_pack: Date_pack; var D_unpack: Date_unpack)
				; действие: распаковка даты 
				; (из записи типа Date_pack в структуру типа Date_unpack)
 000001D9			Rec_to_Struc proc

 000001D9			Rec_to_Struc endp
				; -----------------------------------------------------
				; procedure Out_Struc(var D: Date_unpack)
				; действие: вывод значений полей D, M, Y структуры типа Date_unpack
 000001D9			Out_Struc proc

 000001D9			Out_Struc endp
				; -----------------------------------------------------
				; ¬≈ƒ”ўјя „ј—“№ (ќ—Ќќ¬Ќјя ѕ–ќ√–јћћј):
 000001D9			start:	
				    ConsoleTitle offset T	
				; ----------------------------------------------------- 
				; Ё“јѕ 1 (40 очков):
				; (10 очков) ввод двух дат D1 и D2 (кажда€ в формате dd.mm.yy)
				; решение:
 0000022B  8D 05 0000003C R	    lea EAX, D1
 00000231  50			    push EAX
 00000232  E8 FFFFFDC9		    call In_Rec
 00000237  8D 05 0000003E R	    lea EAX, D2
 0000023D  50			    push EAX
 0000023E  E8 FFFFFDBD		    call In_Rec
				; (20 очков) сравнение двух дат (D1 < D2 ?)
				; решение:
 00000243  0F B7 05		    movzx EAX, D1
	   0000003C R
 0000024A  0F B7 1D		    movzx EBX, D2
	   0000003E R
 00000251  53			    push EBX
 00000252  50			    push EAX
 00000253  E8 FFFFFDF4		    call Less
				; (10 очков) вывод результата сравнени€ в виде "D1<D2 is true/false",
				; где вместо D1 и D2 должна быть напечатана дата в формате dd.mm.yy
				; решение:
 00000258  0F B7 1D		    movzx EBX, D1
	   0000003C R
 0000025F  53			    push EBX
 00000260  E8 FFFFFE3A		    call Out_Rec
				    outchar 60
 000002C9  0F B7 1D		    movzx EBX, D2
	   0000003E R
 000002D0  53			    push EBX
 000002D1  E8 FFFFFDC9		    call Out_Rec
 000002D6  3C 00		    cmp AL, 0
 000002D8  74 40		    je null
				    outstr ' is true'
 00000318  EB 3E		    jmp et2
 0000031A			null:
				    outstr ' is false'
 00000358			et2:
				; ----------------------------------------------------- 
				; Ё“јѕ 2 (50 очков):
				; (15 очков) цикл дл€ ввода N дат и сохранени€ их в массиве Arr_of_Rec:
				; решение:


				; (15 очков) цикл дл€ вывода N дат, хран€щихс€ в массиве Arr_of_Rec
				; решение:


				; (20 очков) цикл дл€ проверки упор€дочены ли элементы-даты по возрастанию
				; решение:


				; ----------------------------------------------------- 
				; Ё“јѕ 3 (40 очков):
				; применение функции Min_Date дл€ поиска наименьшей даты в массиве Arr_of_Rec
				; решение:


				; вывод наименьшей даты в виде "dd.mm.yy is minimum"
				; решение:


				; ----------------------------------------------------- 
				; Ё“јѕ 4 (60 очков):
				; (30 очков) цикл движени€ по массиву Arr_of_Rec с целью распаковки дат 
				; и сохранени€ их в массиве структур  Arr_of_Struc
				; решение:


				; (30 очков) цикл движени€ по массиву Arr_of_Struc с целью вывода дат 
				; на экран (каждую дату - в формате dd.mm.yy)
				; решение


				; ----------------------------------------------------- 
					
					pause
					exit
					end start
					
				“≈—“џ, на которых надо сдавать программу:
				---------------------------------------------------------
				Ё“јѕ 1
				---------------------------------------------------------
				1)  10.2.20 13.2.20	   ===>   10.2.20<13.2.20 is true
				2)  20.2.20 10.3.20	   ===>   20.2.20<10.3.20 is true  
				3)  15.2.20 10.2.21	   ===>   15.2.20<10.2.21 is true  
				4)  1.2.3 1.2.3	       ===>   1.2.3<1.2.3 is false
				5)  10.2.20 15.1.20	   ===>   10.2.20<15.1.20 is false
				6)  9.2.20 10.2.19	   ===>   9.2.20<10.2.19 is false
				---------------------------------------------------------
				Ё“јѕ 2
				---------------------------------------------------------
				1)  10.2.19 13.2.19 13.3.19 14.3.19 14.3.20 15.4.20	===> sorted
				2)  10.2.19 13.2.19 13.3.19 13.3.19 14.3.20 15.4.2	===> not sorted
				3)  10.2.19 13.2.19 13.3.19 14.3.19 14.3.18 15.4.20	===> not sorted
				4)  10.2.19 13.2.19 13.3.19 14.3.19 14.3.20 13.3.20	===> not sorted
				---------------------------------------------------------
				Ё“јѕ 3
				---------------------------------------------------------
				1)  15.4.20 14.3.19 10.2.19 13.3.19 14.3.20 13.2.19 ===> 10.2.19 is minimum  
				2)  15.4.20 14.3.20 14.3.19 13.3.19 13.2.19 10.2.19 ===> 10.2.19 is minimum
				3)  10.2.19 15.4.20 14.3.19 14.3.20 13.2.19 13.3.19 ===> 10.2.19 is minimum
				---------------------------------------------------------
Microsoft (R) Macro Assembler Version 6.14.8444		    05/10/21 22:21:55
work-4-1.asm						     Symbols 2 - 1




Macros:

                N a m e                 Type

??CheckStrToBuf  . . . . . . . .	Proc
??FindESP  . . . . . . . . . . .	Proc
??RestoreReg . . . . . . . . . .	Proc
??SaveReg  . . . . . . . . . . .	Proc
@GetCommandLine  . . . . . . . .	Func
@Random  . . . . . . . . . . . .	Func
@inchar  . . . . . . . . . . . .	Func
@inintln . . . . . . . . . . . .	Func
@inint . . . . . . . . . . . . .	Func
@readkey . . . . . . . . . . . .	Func
ChagePageAttr  . . . . . . . . .	Proc
ClrScr . . . . . . . . . . . . .	Proc
ConsoleMode  . . . . . . . . . .	Proc
ConsoleTitle . . . . . . . . . .	Proc
DOS  . . . . . . . . . . . . . .	Func
DownloadFile . . . . . . . . . .	Proc
GetConsoleTitle  . . . . . . . .	Proc
HeapBlockSize  . . . . . . . . .	Proc
InputStr . . . . . . . . . . . .	Proc
MsgBox . . . . . . . . . . . . .	Proc
NewConsole . . . . . . . . . . .	Proc
OpenFile . . . . . . . . . . . .	Proc
OutFlags . . . . . . . . . . . .	Proc
Randomize  . . . . . . . . . . .	Proc
RunExe . . . . . . . . . . . . .	Proc
SetScreenSize  . . . . . . . . .	Proc
SetTextAttr  . . . . . . . . . .	Proc
TotalHeapAllocated . . . . . . .	Proc
WhereX . . . . . . . . . . . . .	Proc
WhereY . . . . . . . . . . . . .	Proc
dispose  . . . . . . . . . . . .	Proc
exit . . . . . . . . . . . . . .	Proc
flush  . . . . . . . . . . . . .	Proc
gotoXY . . . . . . . . . . . . .	Proc
inchar . . . . . . . . . . . . .	Proc
inintln  . . . . . . . . . . . .	Proc
inint  . . . . . . . . . . . . .	Proc
newline  . . . . . . . . . . . .	Proc
new  . . . . . . . . . . . . . .	Proc
outcharln  . . . . . . . . . . .	Proc
outchar  . . . . . . . . . . . .	Proc
outdateln  . . . . . . . . . . .	Proc
outdate  . . . . . . . . . . . .	Proc
outintln . . . . . . . . . . . .	Proc
outint . . . . . . . . . . . . .	Proc
outnumln . . . . . . . . . . . .	Proc
outnum . . . . . . . . . . . . .	Proc
outstrln . . . . . . . . . . . .	Proc
outstr . . . . . . . . . . . . .	Proc
outtimeln  . . . . . . . . . . .	Proc
outtime  . . . . . . . . . . . .	Proc
outwordln  . . . . . . . . . . .	Proc
outword  . . . . . . . . . . . .	Proc
pause  . . . . . . . . . . . . .	Proc
readkey  . . . . . . . . . . . .	Proc


Structures and Unions:

                N a m e                  Size
                                         Offset      Type

CONSOLE_SCREEN_BUFFER_INFO . . .	 00000016
  dwSize . . . . . . . . . . . .	 00000000	 DWord
  dwCursorPosition . . . . . . .	 00000004	 DWord
  wAttributes  . . . . . . . . .	 00000008	 Word
  srWindow . . . . . . . . . . .	 0000000A	 QWord
  dwMaximumWindowSize  . . . . .	 00000012	 DWord
COORD  . . . . . . . . . . . . .	 00000004
  x  . . . . . . . . . . . . . .	 00000000	 Word
  y  . . . . . . . . . . . . . .	 00000002	 Word
Date_unpack  . . . . . . . . . .	 00000003
  D  . . . . . . . . . . . . . .	 00000000	 Byte
  M  . . . . . . . . . . . . . .	 00000001	 Byte
  Y  . . . . . . . . . . . . . .	 00000002	 Byte
SMALL_RECT . . . . . . . . . . .	 00000008
  Left . . . . . . . . . . . . .	 00000000	 Word
  Top  . . . . . . . . . . . . .	 00000002	 Word
  Right  . . . . . . . . . . . .	 00000004	 Word
  Bottom . . . . . . . . . . . .	 00000006	 Word
SystemTime . . . . . . . . . . .	 00000010
  wYear  . . . . . . . . . . . .	 00000000	 Word
  wMonth . . . . . . . . . . . .	 00000002	 Word
  wDayOfWeek . . . . . . . . . .	 00000004	 Word
  wDay . . . . . . . . . . . . .	 00000006	 Word
  wHour  . . . . . . . . . . . .	 00000008	 Word
  wMinute  . . . . . . . . . . .	 0000000A	 Word
  wSecond  . . . . . . . . . . .	 0000000C	 Word
  wMilliseconds  . . . . . . . .	 0000000E	 Word


Records:

                N a m e                  Width     # fields
                                         Shift     Width     Mask      Initial

Date_pack  . . . . . . . . . . .	 00000010      00000003
  D  . . . . . . . . . . . . . .	 0000000B      00000005	     F800     ?
  M  . . . . . . . . . . . . . .	 00000007      00000004	     0780     ?
  Y  . . . . . . . . . . . . . .	 00000000      00000007	     007F     ?


Types:

                N a m e                  Size     Attr

c_msvcrt . . . . . . . . . . . .	 00000004     CODE 


Segments and Groups:

                N a m e                 Size     Length   Align   Combine Class

FLAT . . . . . . . . . . . . . .	GROUP
STACK  . . . . . . . . . . . . .	32 Bit	 00001000 Para	  Stack	  'STACK'	 
_DATA  . . . . . . . . . . . . .	32 Bit	 00000686 Para	  Public  'DATA'	
_TEXT  . . . . . . . . . . . . .	32 Bit	 000003DD Para	  Public  'CODE'	


Procedures,  parameters and locals:

                N a m e                 Type     Value    Attr

CharToOemA . . . . . . . . . . .	P Near	 00000000 FLAT	Length= 00000000 External STDCALL
ClearScreen  . . . . . . . . . .	P Near	 00000000 FLAT	Length= 00000000 External STDCALL
CloseHandle  . . . . . . . . . .	P Near	 00000000 FLAT	Length= 00000000 External STDCALL
CreateFileA  . . . . . . . . . .	P Near	 00000000 FLAT	Length= 00000000 External STDCALL
ExitProcess  . . . . . . . . . .	P Near	 00000000 FLAT	Length= 00000000 External STDCALL
GetCommandLineA  . . . . . . . .	P Near	 00000000 FLAT	Length= 00000000 External STDCALL
GetConsoleScreenBufferInfo . . .	P Near	 00000000 FLAT	Length= 00000000 External STDCALL
GetConsoleTitleA . . . . . . . .	P Near	 00000000 FLAT	Length= 00000000 External STDCALL
GetModuleHandleA . . . . . . . .	P Near	 00000000 FLAT	Length= 00000000 External STDCALL
GetStdHandle . . . . . . . . . .	P Near	 00000000 FLAT	Length= 00000000 External STDCALL
GetSystemMetrics . . . . . . . .	P Near	 00000000 FLAT	Length= 00000000 External STDCALL
GetSystemTime  . . . . . . . . .	P Near	 00000000 FLAT	Length= 00000000 External STDCALL
GetTickCount . . . . . . . . . .	P Near	 00000000 FLAT	Length= 00000000 External STDCALL
GlobalAlloc  . . . . . . . . . .	P Near	 00000000 FLAT	Length= 00000000 External STDCALL
GlobalFree . . . . . . . . . . .	P Near	 00000000 FLAT	Length= 00000000 External STDCALL
GlobalSize . . . . . . . . . . .	P Near	 00000000 FLAT	Length= 00000000 External STDCALL
In_Rec . . . . . . . . . . . . .	P Near	 00000000 _TEXT	Length= 0000004C Public STDCALL
InternetGetConnectedState  . . .	P Near	 00000000 FLAT	Length= 00000000 External STDCALL
Less . . . . . . . . . . . . . .	P Near	 0000004C _TEXT	Length= 00000053 Public STDCALL
  yes  . . . . . . . . . . . . .	L Near	 00000091 _TEXT	
  no . . . . . . . . . . . . . .	L Near	 00000095 _TEXT	
  fin  . . . . . . . . . . . . .	L Near	 00000097 _TEXT	
MessageBoxA  . . . . . . . . . .	P Near	 00000000 FLAT	Length= 00000000 External STDCALL
MessageBoxIndirectA  . . . . . .	P Near	 00000000 FLAT	Length= 00000000 External STDCALL
Min_Date . . . . . . . . . . . .	P Near	 000001D9 _TEXT	Length= 00000000 Public STDCALL
Out_Rec  . . . . . . . . . . . .	P Near	 0000009F _TEXT	Length= 0000013A Public STDCALL
  ??001A . . . . . . . . . . . .	L Near	 000000E6 _TEXT	
  ??001B . . . . . . . . . . . .	L Near	 0000011C _TEXT	
  ??0030 . . . . . . . . . . . .	L Near	 0000016E _TEXT	
  ??0031 . . . . . . . . . . . .	L Near	 000001A4 _TEXT	
Out_Struc  . . . . . . . . . . .	P Near	 000001D9 _TEXT	Length= 00000000 Public STDCALL
Rec_to_Struc . . . . . . . . . .	P Near	 000001D9 _TEXT	Length= 00000000 Public STDCALL
SetConsoleCtrlHandler  . . . . .	P Near	 00000000 FLAT	Length= 00000000 External STDCALL
SetConsoleCursorPosition . . . .	P Near	 00000000 FLAT	Length= 00000000 External STDCALL
SetConsoleScreenBufferSize . . .	P Near	 00000000 FLAT	Length= 00000000 External STDCALL
SetConsoleTextAttribute  . . . .	P Near	 00000000 FLAT	Length= 00000000 External STDCALL
SetConsoleTitleA . . . . . . . .	P Near	 00000000 FLAT	Length= 00000000 External STDCALL
Sleep  . . . . . . . . . . . . .	P Near	 00000000 FLAT	Length= 00000000 External STDCALL
StdIn  . . . . . . . . . . . . .	P Near	 00000000 FLAT	Length= 00000000 External STDCALL
StdOut . . . . . . . . . . . . .	P Near	 00000000 FLAT	Length= 00000000 External STDCALL
URLDownloadToFileA . . . . . . .	P Near	 00000000 FLAT	Length= 00000000 External STDCALL
VirtualProtect . . . . . . . . .	P Near	 00000000 FLAT	Length= 00000000 External STDCALL
nrandom  . . . . . . . . . . . .	P Near	 00000000 FLAT	Length= 00000000 External STDCALL
nseed  . . . . . . . . . . . . .	P Near	 00000000 FLAT	Length= 00000000 External STDCALL
shell_ex . . . . . . . . . . . .	P Near	 00000000 FLAT	Length= 00000000 External STDCALL
shell  . . . . . . . . . . . . .	P Near	 00000000 FLAT	Length= 00000000 External STDCALL
wait_key . . . . . . . . . . . .	P Near	 00000000 FLAT	Length= 00000000 External STDCALL


Symbols:

                N a m e                 Type     Value    Attr

??0000 . . . . . . . . . . . . .	Number	 00000002h   
??0001 . . . . . . . . . . . . .	DWord	 0000005E _DATA	
??0002 . . . . . . . . . . . . .	Number	 00000002h   
??0003 . . . . . . . . . . . . .	DWord	 00000062 _DATA	
??0004 . . . . . . . . . . . . .	Number	 00000002h   
??0005 . . . . . . . . . . . . .	DWord	 00000066 _DATA	
??0006 . . . . . . . . . . . . .	Number	 00000001h   
??0007 . . . . . . . . . . . . .	Number	 00000002h   
??0008 . . . . . . . . . . . . .	Number	 00000000h   
??0009 . . . . . . . . . . . . .	Byte	 0000006A _DATA	
??0011 . . . . . . . . . . . . .	Number	 00000004h   
??0013 . . . . . . . . . . . . .	Number	 00000000h   
??0014 . . . . . . . . . . . . .	Byte	 0000006D _DATA	
??0016 . . . . . . . . . . . . .	Byte	 0000019C _DATA	
??0017 . . . . . . . . . . . . .	Byte	 00000070 _DATA	
??0018 . . . . . . . . . . . . .	Text   	 o
??0019 . . . . . . . . . . . . .	Byte	 0000006F _DATA	
??001C . . . . . . . . . . . . .	Number	 00000001h   
??001D . . . . . . . . . . . . .	Number	 00000002h   
??001E . . . . . . . . . . . . .	Number	 00000000h   
??001F . . . . . . . . . . . . .	Byte	 0000019F _DATA	
??0027 . . . . . . . . . . . . .	Number	 00000004h   
??0029 . . . . . . . . . . . . .	Number	 00000000h   
??002A . . . . . . . . . . . . .	Byte	 000001A2 _DATA	
??002C . . . . . . . . . . . . .	Byte	 000002D1 _DATA	
??002D . . . . . . . . . . . . .	Byte	 000001A5 _DATA	
??002E . . . . . . . . . . . . .	Text   	 o
??002F . . . . . . . . . . . . .	Byte	 000001A4 _DATA	
??0032 . . . . . . . . . . . . .	Number	 00000001h   
??0033 . . . . . . . . . . . . .	Number	 00000002h   
??0034 . . . . . . . . . . . . .	Number	 00000000h   
??0035 . . . . . . . . . . . . .	Byte	 000002D4 _DATA	
??003D . . . . . . . . . . . . .	Number	 00000004h   
??003F . . . . . . . . . . . . .	Byte	 000002D8 _DATA	
??0040 . . . . . . . . . . . . .	Text   	 o
??0041 . . . . . . . . . . . . .	Byte	 000002D7 _DATA	
??0042 . . . . . . . . . . . . .	L Near	 000001EB _TEXT	
??0043 . . . . . . . . . . . . .	L Near	 00000221 _TEXT	
??0044 . . . . . . . . . . . . .	Number	 00000000h   
??0045 . . . . . . . . . . . . .	Byte	 00000404 _DATA	
??0047 . . . . . . . . . . . . .	Byte	 00000533 _DATA	
??0048 . . . . . . . . . . . . .	Byte	 00000407 _DATA	
??0049 . . . . . . . . . . . . .	Text   	 o
??004A . . . . . . . . . . . . .	Byte	 00000406 _DATA	
??004B . . . . . . . . . . . . .	L Near	 00000280 _TEXT	
??004C . . . . . . . . . . . . .	L Near	 000002B6 _TEXT	
??004D . . . . . . . . . . . . .	Byte	 00000540 _DATA	
??004E . . . . . . . . . . . . .	Byte	 00000537 _DATA	
??004F . . . . . . . . . . . . .	Text   	 "
??0050 . . . . . . . . . . . . .	Byte	 00000536 _DATA	
??0052 . . . . . . . . . . . . .	L Near	 00000305 _TEXT	
??0053 . . . . . . . . . . . . .	Byte	 0000054E _DATA	
??0054 . . . . . . . . . . . . .	Byte	 00000544 _DATA	
??0055 . . . . . . . . . . . . .	Text   	 "
??0056 . . . . . . . . . . . . .	Byte	 00000543 _DATA	
??0058 . . . . . . . . . . . . .	L Near	 00000345 _TEXT	
??0059 . . . . . . . . . . . . .	Byte	 00000551 _DATA	
??005A . . . . . . . . . . . . .	Number	 00000000h   
??005B . . . . . . . . . . . . .	Byte	 00000554 _DATA	
??005D . . . . . . . . . . . . .	Byte	 00000683 _DATA	
??005E . . . . . . . . . . . . .	Byte	 00000557 _DATA	
??005F . . . . . . . . . . . . .	Text   	 o
??0060 . . . . . . . . . . . . .	Byte	 00000556 _DATA	
??0061 . . . . . . . . . . . . .	L Near	 00000384 _TEXT	
??0062 . . . . . . . . . . . . .	L Near	 000003BA _TEXT	
??CommonHeapElemSize . . . . . .	DWord	 00000004 _DATA	
??ConsoleMode  . . . . . . . . .	Byte	 00000008 _DATA	
??TotalHeapAllocated . . . . . .	DWord	 00000000 _DATA	
??sTime  . . . . . . . . . . . .	SystemTime  00000009 _DATA	
@CodeSize  . . . . . . . . . . .	Number	 00000000h   
@DOS . . . . . . . . . . . . . .	Text   	 DOS
@DataSize  . . . . . . . . . . .	Number	 00000000h   
@INCHAR  . . . . . . . . . . . .	Text   	 @inchar
@ININTLN . . . . . . . . . . . .	Text   	 @inintln
@ININT . . . . . . . . . . . . .	Text   	 @inint
@InChar  . . . . . . . . . . . .	Text   	 @inchar
@InInt . . . . . . . . . . . . .	Text   	 @inint
@Inchar  . . . . . . . . . . . .	Text   	 @inchar
@InintLn . . . . . . . . . . . .	Text   	 @inintln
@Inintln . . . . . . . . . . . .	Text   	 @inintln
@Inint . . . . . . . . . . . . .	Text   	 @inint
@Interface . . . . . . . . . . .	Number	 00000003h   
@Model . . . . . . . . . . . . .	Number	 00000007h   
@READKEY . . . . . . . . . . . .	Text   	 @readkey
@ReadKey . . . . . . . . . . . .	Text   	 @readkey
@code  . . . . . . . . . . . . .	Text   	 _TEXT
@data  . . . . . . . . . . . . .	Text   	 FLAT
@dos . . . . . . . . . . . . . .	Text   	 DOS
@fardata?  . . . . . . . . . . .	Text   	 FLAT
@fardata . . . . . . . . . . . .	Text   	 FLAT
@random  . . . . . . . . . . . .	Text   	 @Random
@stack . . . . . . . . . . . . .	Text   	 FLAT
AllocConsole@0 . . . . . . . . .	L Near	 00000000 FLAT	External STDCALL
Arr_of_Rec . . . . . . . . . . .	Date_pack  00000040 _DATA	
Arr_of_Struc . . . . . . . . . .	Date_unpack  0000004C _DATA	
Black  . . . . . . . . . . . . .	Number	 00000000h   
Blue . . . . . . . . . . . . . .	Number	 00000001h   
Bright . . . . . . . . . . . . .	Number	 00000008h   
Brown  . . . . . . . . . . . . .	Number	 00000006h   
CLRSCR . . . . . . . . . . . . .	Text   	 ClrScr
CREATE_ALWAYS  . . . . . . . . .	Number	 00000002h   
CREATE_NEW . . . . . . . . . . .	Number	 00000001h   
CharToOem  . . . . . . . . . . .	Text   	 CharToOemA
Cls  . . . . . . . . . . . . . .	Text   	 ClrScr
CreateFile . . . . . . . . . . .	Text   	 CreateFileA
Cyan . . . . . . . . . . . . . .	Number	 00000003h   
D1 . . . . . . . . . . . . . . .	Date_pack  0000003C _DATA	
D2 . . . . . . . . . . . . . . .	Date_pack  0000003E _DATA	
DISPOSE  . . . . . . . . . . . .	Text   	 dispose
DarkGray . . . . . . . . . . . .	Number	 00000008h   
Dispose  . . . . . . . . . . . .	Text   	 dispose
EXIT . . . . . . . . . . . . . .	Text   	 exit
Exit . . . . . . . . . . . . . .	Text   	 exit
FILE_ATTRIBUTE_ARCHIVE . . . . .	Number	 00000020h   
FILE_ATTRIBUTE_COMPRESSED  . . .	Number	 00000800h   
FILE_ATTRIBUTE_DIRECTORY . . . .	Number	 00000010h   
FILE_ATTRIBUTE_HIDDEN  . . . . .	Number	 00000002h   
FILE_ATTRIBUTE_NORMAL  . . . . .	Number	 00000080h   
FILE_ATTRIBUTE_READONLY  . . . .	Number	 00000001h   
FILE_ATTRIBUTE_SYSTEM  . . . . .	Number	 00000004h   
FILE_ATTRIBUTE_TEMPORARY . . . .	Number	 00000100h   
FLUSH  . . . . . . . . . . . . .	Text   	 flush
Flush  . . . . . . . . . . . . .	Text   	 flush
FreeConsole@0  . . . . . . . . .	L Near	 00000000 FLAT	External STDCALL
GENERIC_ALL  . . . . . . . . . .	Number	 10000000h   
GENERIC_EXECUTE  . . . . . . . .	Number	 20000000h   
GENERIC_READ . . . . . . . . . .	Number	 -80000000h   
GENERIC_WRITE  . . . . . . . . .	Number	 40000000h   
GMEM_FIXED . . . . . . . . . . .	Number	 00000000h   
GMEM_ZEROINIT  . . . . . . . . .	Number	 00000040h   
GOTOXY . . . . . . . . . . . . .	Text   	 gotoXY
GetModuleHandle  . . . . . . . .	Text   	 GetModuleHandleA
GotoXY . . . . . . . . . . . . .	Text   	 gotoXY
Green  . . . . . . . . . . . . .	Number	 00000002h   
IDABORT  . . . . . . . . . . . .	Number	 00000003h   
IDCANCEL . . . . . . . . . . . .	Number	 00000002h   
IDIGNORE . . . . . . . . . . . .	Number	 00000005h   
IDNO . . . . . . . . . . . . . .	Number	 00000007h   
IDOK . . . . . . . . . . . . . .	Number	 00000001h   
IDRETRY  . . . . . . . . . . . .	Number	 00000004h   
IDYES  . . . . . . . . . . . . .	Number	 00000006h   
INCHAR . . . . . . . . . . . . .	Text   	 inchar
ININTLN  . . . . . . . . . . . .	Text   	 inintln
ININT  . . . . . . . . . . . . .	Text   	 inint
INPUTSTR . . . . . . . . . . . .	Text   	 InputStr
InChar . . . . . . . . . . . . .	Text   	 inchar
InInt  . . . . . . . . . . . . .	Text   	 inint
Inchar . . . . . . . . . . . . .	Text   	 inchar
InintLn  . . . . . . . . . . . .	Text   	 inintln
Inintln  . . . . . . . . . . . .	Text   	 inintln
Inint  . . . . . . . . . . . . .	Text   	 inint
LANG_NEUTRAL . . . . . . . . . .	Number	 00000000h   
LightBlue  . . . . . . . . . . .	Number	 00000009h   
LightGray  . . . . . . . . . . .	Number	 00000007h   
LightGreen . . . . . . . . . . .	Number	 0000000Ah   
LightMagenta . . . . . . . . . .	Number	 0000000Dh   
LightRed . . . . . . . . . . . .	Number	 0000000Ch   
MB_ABORTRETRYIGNORE  . . . . . .	Number	 00000002h   
MB_CANCELTRYCONTINUE . . . . . .	Number	 00000006h   
MB_DEFBUTTON1  . . . . . . . . .	Number	 00000000h   
MB_DEFBUTTON2  . . . . . . . . .	Number	 00000100h   
MB_DEFBUTTON3  . . . . . . . . .	Number	 00000200h   
MB_DEFBUTTON4  . . . . . . . . .	Number	 00000300h   
MB_HELP  . . . . . . . . . . . .	Number	 00004000h   
MB_ICONASTERISK  . . . . . . . .	Number	 00000040h   
MB_ICONEXCLAMATION . . . . . . .	Number	 00000030h   
MB_ICONHAND  . . . . . . . . . .	Number	 00000008h   
MB_ICONQUESTION  . . . . . . . .	Number	 00000020h   
MB_ICONSTOP  . . . . . . . . . .	Number	 00000010h   
MB_OKCANCEL  . . . . . . . . . .	Number	 00000001h   
MB_OK  . . . . . . . . . . . . .	Number	 00000000h   
MB_RETRYCANCEL . . . . . . . . .	Number	 00000005h   
MB_RIGHT . . . . . . . . . . . .	Number	 00080000h   
MB_SYSTEMMODAL . . . . . . . . .	Number	 00001000h   
MB_USERICON  . . . . . . . . . .	Number	 00000080h   
MB_YESNOCANCEL . . . . . . . . .	Number	 00000003h   
MB_YESNO . . . . . . . . . . . .	Number	 00000004h   
MSGBOX . . . . . . . . . . . . .	Text   	 MsgBox
Magenta  . . . . . . . . . . . .	Number	 00000005h   
MessageBoxIndirect . . . . . . .	Text   	 MessageBoxIndirectA
MessageBox . . . . . . . . . . .	Text   	 MessageBoxA
NEWLINE  . . . . . . . . . . . .	Text   	 newline
NEW  . . . . . . . . . . . . . .	Text   	 new
NULL . . . . . . . . . . . . . .	Number	 00000000h   
NewLine  . . . . . . . . . . . .	Text   	 newline
Newline  . . . . . . . . . . . .	Text   	 newline
New  . . . . . . . . . . . . . .	Text   	 new
N  . . . . . . . . . . . . . . .	Number	 00000006h   
OPEN_ALWAYS  . . . . . . . . . .	Number	 00000004h   
OPEN_EXISTING  . . . . . . . . .	Number	 00000003h   
OUTCHARLN  . . . . . . . . . . .	Text   	 outcharln
OUTCHAR  . . . . . . . . . . . .	Text   	 outchar
OUTCH  . . . . . . . . . . . . .	Text   	 outchar
OUTCLN . . . . . . . . . . . . .	Text   	 outcharln
OUTDATELN  . . . . . . . . . . .	Text   	 outdateln
OUTDATE  . . . . . . . . . . . .	Text   	 outdate
OUTINTLN . . . . . . . . . . . .	Text   	 outintln
OUTINT . . . . . . . . . . . . .	Text   	 outint
OUTI . . . . . . . . . . . . . .	Text   	 outint
OUTSTRLN . . . . . . . . . . . .	Text   	 outstrln
OUTSTR . . . . . . . . . . . . .	Text   	 outstr
OUTTIMELN  . . . . . . . . . . .	Text   	 outtimeln
OUTTIME  . . . . . . . . . . . .	Text   	 outtime
OUTU . . . . . . . . . . . . . .	Text   	 outword
OUTWORDLN  . . . . . . . . . . .	Text   	 outwordln
OUTWORD  . . . . . . . . . . . .	Text   	 outword
OutCharLn  . . . . . . . . . . .	Text   	 outcharln
OutCharln  . . . . . . . . . . .	Text   	 outcharln
OutChar  . . . . . . . . . . . .	Text   	 outchar
OutDateLn  . . . . . . . . . . .	Text   	 outdateln
OutDateln  . . . . . . . . . . .	Text   	 outdateln
OutDate  . . . . . . . . . . . .	Text   	 outdate
OutILn . . . . . . . . . . . . .	Text   	 outintln
OutIln . . . . . . . . . . . . .	Text   	 outintln
OutIntLn . . . . . . . . . . . .	Text   	 outintln
OutInt . . . . . . . . . . . . .	Text   	 outint
OutI . . . . . . . . . . . . . .	Text   	 outint
OutNumLn . . . . . . . . . . . .	Text   	 outnumln
OutNumln . . . . . . . . . . . .	Text   	 outnumln
OutNum . . . . . . . . . . . . .	Text   	 outnum
OutStrLn . . . . . . . . . . . .	Text   	 outstrln
OutStr . . . . . . . . . . . . .	Text   	 outstr
OutTimeLn  . . . . . . . . . . .	Text   	 outtimeln
OutTimeln  . . . . . . . . . . .	Text   	 outtimeln
OutTime  . . . . . . . . . . . .	Text   	 outtime
OutULn . . . . . . . . . . . . .	Text   	 outwordln
OutUln . . . . . . . . . . . . .	Text   	 outwordln
OutUnsignedLn  . . . . . . . . .	Text   	 outwordln
OutUnsignedln  . . . . . . . . .	Text   	 outwordln
OutUnsigned  . . . . . . . . . .	Text   	 outword
OutU . . . . . . . . . . . . . .	Text   	 outword
OutWordLn  . . . . . . . . . . .	Text   	 outwordln
OutWord  . . . . . . . . . . . .	Text   	 outword
OutintLn . . . . . . . . . . . .	Text   	 outintln
Outintln . . . . . . . . . . . .	Text   	 outintln
Outint . . . . . . . . . . . . .	Text   	 outint
OutstrLn . . . . . . . . . . . .	Text   	 outstrln
OutwordLn  . . . . . . . . . . .	Text   	 outwordln
Outword  . . . . . . . . . . . .	Text   	 outword
PAGE_EXECUTE_READWRITE . . . . .	Number	 00000040h   
PAGE_EXECUTE_READ  . . . . . . .	Number	 00000020h   
PAGE_EXECUTE_WRITECOPY . . . . .	Number	 00000080h   
PAGE_EXECUTE . . . . . . . . . .	Number	 00000010h   
PAGE_NOACCESS  . . . . . . . . .	Number	 00000001h   
PAGE_READONLY  . . . . . . . . .	Number	 00000002h   
PAGE_READWRITE . . . . . . . . .	Number	 00000004h   
PAGE_WRITECOPY . . . . . . . . .	Number	 00000008h   
PAUSE  . . . . . . . . . . . . .	Text   	 pause
Pause  . . . . . . . . . . . . .	Text   	 pause
READKEY  . . . . . . . . . . . .	Text   	 readkey
ReadKey  . . . . . . . . . . . .	Text   	 readkey
Red  . . . . . . . . . . . . . .	Number	 00000004h   
STD_ERROR_HANDLE . . . . . . . .	Number	 -0000000Ch   
STD_INPUT_HANDLE . . . . . . . .	Number	 -0000000Ah   
STD_OUTPUT_HANDLE  . . . . . . .	Number	 -0000000Bh   
SetConsoleTitle  . . . . . . . .	Text   	 SetConsoleTitleA
TRUNCATE_EXISTING  . . . . . . .	Number	 00000005h   
T  . . . . . . . . . . . . . . .	Byte	 00000019 _DATA	
URLDownloadToFile  . . . . . . .	Text   	 URLDownloadToFileA
White  . . . . . . . . . . . . .	Number	 0000000Fh   
Yellow . . . . . . . . . . . . .	Number	 0000000Eh   
_imp___exit  . . . . . . . . . .	DWord	 00000000 FLAT	External STDCALL
_imp__printf . . . . . . . . . .	DWord	 00000000 FLAT	External STDCALL
_imp__sprintf  . . . . . . . . .	DWord	 00000000 FLAT	External STDCALL
black  . . . . . . . . . . . . .	Number	 00000000h   
blue . . . . . . . . . . . . . .	Number	 00000001h   
bright . . . . . . . . . . . . .	Number	 00000008h   
brown  . . . . . . . . . . . . .	Number	 00000006h   
clrscr . . . . . . . . . . . . .	Text   	 ClrScr
crt__exit  . . . . . . . . . . .	Text   	 _imp___exit
crt_printf . . . . . . . . . . .	Text   	 _imp__printf
crt_sprintf  . . . . . . . . . .	Text   	 _imp__sprintf
cyan . . . . . . . . . . . . . .	Number	 00000003h   
darkgray . . . . . . . . . . . .	Number	 00000008h   
dos  . . . . . . . . . . . . . .	Text   	 DOS
downloadfile . . . . . . . . . .	Text   	 DownloadFile
et2  . . . . . . . . . . . . . .	L Near	 00000358 _TEXT	
gotoxy . . . . . . . . . . . . .	Text   	 gotoXY
green  . . . . . . . . . . . . .	Number	 00000002h   
heapblocksize  . . . . . . . . .	Text   	 HeapBlockSize
inint_proc@0 . . . . . . . . . .	L Near	 00000000 FLAT	External STDCALL
inputstr . . . . . . . . . . . .	Text   	 InputStr
lightblue  . . . . . . . . . . .	Number	 00000009h   
lightgray  . . . . . . . . . . .	Number	 00000007h   
lightgreen . . . . . . . . . . .	Number	 0000000Ah   
lightmagenta . . . . . . . . . .	Number	 0000000Dh   
lightred . . . . . . . . . . . .	Number	 0000000Ch   
magenta  . . . . . . . . . . . .	Number	 00000005h   
msgbox . . . . . . . . . . . . .	Text   	 MsgBox
nil  . . . . . . . . . . . . . .	DWord 	 00000000h   
null . . . . . . . . . . . . . .	L Near	 0000031A _TEXT	
outch  . . . . . . . . . . . . .	Text   	 outchar
outintLn . . . . . . . . . . . .	Text   	 outintln
outi . . . . . . . . . . . . . .	Text   	 outint
outu . . . . . . . . . . . . . .	Text   	 outword
outwordLn  . . . . . . . . . . .	Text   	 outwordln
randomize  . . . . . . . . . . .	Text   	 Randomize
red  . . . . . . . . . . . . . .	Number	 00000004h   
settextattr  . . . . . . . . . .	Text   	 SetTextAttr
start  . . . . . . . . . . . . .	L Near	 000001D9 _TEXT	Public STDCALL
whereX . . . . . . . . . . . . .	Text   	 WhereX
whereY . . . . . . . . . . . . .	Text   	 WhereY
wherex . . . . . . . . . . . . .	Text   	 WhereX
wherey . . . . . . . . . . . . .	Text   	 WhereY
white  . . . . . . . . . . . . .	Number	 0000000Fh   
yellow . . . . . . . . . . . . .	Number	 0000000Eh   

	   0 Warnings
	   0 Errors
